<?xml version="1.0" encoding="UTF-8"?>
<testng-results skipped="0" failed="0" total="1" passed="1">
  <reporter-output>
  </reporter-output>
  <suite name="Default suite" duration-ms="11577" started-at="2015-09-15T11:42:49Z" finished-at="2015-09-15T11:43:00Z">
    <groups>
    </groups>
    <test name="Default test" duration-ms="11577" started-at="2015-09-15T11:42:49Z" finished-at="2015-09-15T11:43:00Z">
      <class name="pom.Control">
        <test-method status="PASS" signature="log()[pri:0, instance:pom.Control@71971d92]" name="log" duration-ms="11558" started-at="2015-09-15T17:12:49Z" finished-at="2015-09-15T17:13:00Z">
          <reporter-output>
          </reporter-output>
        </test-method> <!-- log -->
      </class> <!-- pom.Control -->
    </test> <!-- Default test -->
  </suite> <!-- Default suite -->
</testng-results>
